        -:    0:Source:LFCompute.hpp
        -:    1:#ifndef LFCOMPUTE_HPP  // Change this to your header file name
        -:    2:#define LFCOMPUTE_HPP
        -:    3:#include "ThreadPool.hpp"
        -:    4:#include "MSTInfo.hpp"
        -:    5:#include "kruskalMST.hpp"
        -:    6:#include "primMST.hpp"
        -:    7:#include <atomic>
        -:    8:#include <future>
        -:    9:class LFCompute{
        -:   10: struct MSTResult {
        -:   11:    
        -:   12:    std::vector<std::vector<std::pair<int, int>>> mst;  // The adjacency list representation of the MST
        -:   13:    double totalWeight;        // The total weight of the MST
        -:   14:    double shortestDistance;   // Shortest distance between any two nodes in the MST
        -:   15:    double averageDistance;    // Average distance between all nodes in the MST
        -:   16:    double longestDistance;
        -:   17:    // Add more fields as necessary for other metrics
        -:   18:
        -:   19:    // Constructor for easy initialization
function _ZN9LFCompute9MSTResultC2ERKSt6vectorIS1_ISt4pairIiiESaIS3_EESaIS5_EEddd called 2 returned 100% blocks executed 100%
        2:   20:    MSTResult(const std::vector<std::vector<std::pair<int, int>>>& mstData, double totalW, double shortestDist, double avgDist)
        2:   21:        : mst(mstData), totalWeight(totalW), shortestDistance(shortestDist), averageDistance(avgDist) {}
call    0 returned 100%
        -:   22:
        -:   23:    // You can also add functions to calculate certain metrics if needed
function _ZNK9LFCompute9MSTResult14sendMSTDetailsEi called 2 returned 100% blocks executed 47%
        2:   24:    void sendMSTDetails(int clientfd) const {
        2:   25:    std::string message;
call    0 returned 100%
        -:   26:    
        -:   27:    // Construct the message with MST details
        2:   28:    message += "MST Details:\n";
call    0 returned 100%
branch  1 taken 100% (fallthrough)
branch  2 taken 0% (throw)
        2:   29:    message += "Total Weight: " + std::to_string(totalWeight) + "\n";
call    0 returned 100%
branch  1 taken 100% (fallthrough)
branch  2 taken 0% (throw)
call    3 returned 100%
branch  4 taken 100% (fallthrough)
branch  5 taken 0% (throw)
call    6 returned 100%
branch  7 taken 100% (fallthrough)
branch  8 taken 0% (throw)
call    9 returned 100%
branch 10 taken 100% (fallthrough)
branch 11 taken 0% (throw)
call   12 returned 100%
call   13 returned 100%
call   14 returned 100%
call   15 never executed
call   16 never executed
call   17 never executed
        2:   30:    message += "Longest Distance: " + std::to_string(longestDistance) + "\n";
call    0 returned 100%
branch  1 taken 100% (fallthrough)
branch  2 taken 0% (throw)
call    3 returned 100%
branch  4 taken 100% (fallthrough)
branch  5 taken 0% (throw)
call    6 returned 100%
branch  7 taken 100% (fallthrough)
branch  8 taken 0% (throw)
call    9 returned 100%
branch 10 taken 100% (fallthrough)
branch 11 taken 0% (throw)
call   12 returned 100%
call   13 returned 100%
call   14 returned 100%
call   15 never executed
call   16 never executed
call   17 never executed
        2:   31:    message += "Shortest Distance: " + std::to_string(shortestDistance) + "\n";
call    0 returned 100%
branch  1 taken 100% (fallthrough)
branch  2 taken 0% (throw)
call    3 returned 100%
branch  4 taken 100% (fallthrough)
branch  5 taken 0% (throw)
call    6 returned 100%
branch  7 taken 100% (fallthrough)
branch  8 taken 0% (throw)
call    9 returned 100%
branch 10 taken 100% (fallthrough)
branch 11 taken 0% (throw)
call   12 returned 100%
call   13 returned 100%
call   14 returned 100%
call   15 never executed
call   16 never executed
call   17 never executed
        2:   32:    message += "Average Distance: " + std::to_string(averageDistance) + "\n";
call    0 returned 100%
branch  1 taken 100% (fallthrough)
branch  2 taken 0% (throw)
call    3 returned 100%
branch  4 taken 100% (fallthrough)
branch  5 taken 0% (throw)
call    6 returned 100%
branch  7 taken 100% (fallthrough)
branch  8 taken 0% (throw)
call    9 returned 100%
branch 10 taken 100% (fallthrough)
branch 11 taken 0% (throw)
call   12 returned 100%
call   13 returned 100%
call   14 returned 100%
call   15 never executed
call   16 never executed
call   17 never executed
        -:   33:
        -:   34:    // Send the message over the socket
        2:   35:    ssize_t bytes_sent = send(clientfd, message.c_str(), message.size(), 0);
call    0 returned 100%
call    1 returned 100%
call    2 returned 100%
branch  3 taken 100% (fallthrough)
branch  4 taken 0% (throw)
        2:   36:    if (bytes_sent == -1) {
branch  0 taken 0% (fallthrough)
branch  1 taken 100%
    #####:   37:        std::cerr << "Error sending MST details to client " << clientfd << std::endl;
call    0 never executed
branch  1 never executed (fallthrough)
branch  2 never executed (throw)
call    3 never executed
branch  4 never executed (fallthrough)
branch  5 never executed (throw)
call    6 never executed
branch  7 never executed (fallthrough)
branch  8 never executed (throw)
        -:   38:         }
        2:   39:     }
call    0 returned 100%
call    1 never executed
        -:   40:    };
        -:   41:    static LFCompute * instance;
        -:   42:    std::atomic<bool> taskCompleted{false};
        -:   43:    std::mutex clientMutex;
        -:   44:    std::condition_variable clientCv;
        -:   45:    std::condition_variable taskCondition;
        -:   46:    ThreadPool pool;
        -:   47:    std::mutex coutMutex;
        -:   48:    static std::mutex creation;
        -:   49:    bool isCleaningUp = false;
        -:   50:public:
        -:   51:    LFCompute();
        -:   52:    static LFCompute& getInstance();
        -:   53:    LFCompute(const LFCompute&) = delete;
        -:   54:    LFCompute& operator=(const LFCompute&) = delete;
        -:   55:    void Compute(Graph& graph, int clientfd,Command type);
        -:   56:    void threadSafePrint(const std::string &message);
        -:   57:    void cleanup(); 
        -:   58:    ~LFCompute();
        -:   59:};
        -:   60:#endif // LFCOMPUTE_HPP
