        -:    0:Source:main.cpp
        -:    1:#include <iostream>
        -:    2:#include <thread>
        -:    3:#include <vector>
        -:    4:#include <sys/socket.h>
        -:    5:#include <netinet/in.h>
        -:    6:#include <unistd.h>
        -:    7:#include <mutex>
        -:    8:#include <iostream>
        -:    9:#include <poll.h>  // Include the necessary header for poll()
        -:   10:#include <unistd.h> // Include for close()
        -:   11:#include <atomic>   // For std::atomic
        -:   12:#include <string.h>
        -:   13:#include "ActiveObject.hpp"
        -:   14:#include "CommandExecute.hpp"
        -:   15:#define PORT 9034
        -:   16:const int MAX_CLIENTS = 10; // Maximum number of clients to accept
        -:   17:std::mutex shutdown_mutex;
        -:   18:std::atomic<bool> shutdown_flag(false); // Global shutdown flag
        -:   19:
function _Z23setup_client_connectioni called 1 returned 100% blocks executed 33%
        1:   20:int setup_client_connection(int server_fd) 
        -:   21:{
        -:   22:    // Accept a new client connection
        1:   23:    int client_fd = accept(server_fd, nullptr, nullptr);
call    0 returned 100%
        1:   24:    if (client_fd < 0) {
branch  0 taken 0% (fallthrough)
branch  1 taken 100%
    #####:   25:        if (errno == EAGAIN || errno == EWOULDBLOCK) {
branch  0 never executed (fallthrough)
branch  1 never executed
branch  2 never executed (fallthrough)
branch  3 never executed
    #####:   26:            return 0; // Indicate no client connected
        -:   27:        } else {
    #####:   28:            std::cerr << "Failed to accept client: " << strerror(errno) << std::endl;
call    0 never executed
call    1 never executed
call    2 never executed
call    3 never executed
    #####:   29:            return -1; // Return -1 for other errors
        -:   30:        }
        -:   31:    }
        1:   32:    return client_fd; // Return the client file descriptor if successful
        -:   33:}
        -:   34:
function _Z20getCommandFromStringRKNSt7__cxx1112basic_stringIcSt11char_traitsIcESaIcEEE called 8 returned 100% blocks executed 92%
        8:   35:Command getCommandFromString(const std::string& commandStr) {
        8:   36:    std::string lowerCommand = commandStr;
call    0 returned 100%
branch  1 taken 100% (fallthrough)
branch  2 taken 0% (throw)
       8*:   37:    if (!lowerCommand.empty() && lowerCommand.back() == '\n') {
call    0 returned 100%
branch  1 taken 100% (fallthrough)
branch  2 taken 0%
call    3 returned 100%
branch  4 taken 100% (fallthrough)
branch  5 taken 0%
branch  6 taken 100% (fallthrough)
branch  7 taken 0%
        8:   38:        lowerCommand.pop_back();
call    0 returned 100%
        -:   39:    }
        8:   40:    std::transform(lowerCommand.begin(), lowerCommand.end(), lowerCommand.begin(), ::tolower);
call    0 returned 100%
call    1 returned 100%
call    2 returned 100%
call    3 returned 100%
        -:   41:
        8:   42:    if (lowerCommand == "newgraph") {
call    0 returned 100%
branch  1 taken 100% (fallthrough)
branch  2 taken 0% (throw)
branch  3 taken 12% (fallthrough)
branch  4 taken 88%
        1:   43:        return Command::Newgraph;
        7:   44:    } else if (lowerCommand == "prim") {
call    0 returned 100%
branch  1 taken 100% (fallthrough)
branch  2 taken 0% (throw)
branch  3 taken 14% (fallthrough)
branch  4 taken 86%
        1:   45:        return Command::Prim;
        6:   46:    } else if (lowerCommand == "kruskal") {
call    0 returned 100%
branch  1 taken 100% (fallthrough)
branch  2 taken 0% (throw)
branch  3 taken 17% (fallthrough)
branch  4 taken 83%
        1:   47:        return Command::Kruskal;
        5:   48:    } else if (lowerCommand == "addedge") {
call    0 returned 100%
branch  1 taken 100% (fallthrough)
branch  2 taken 0% (throw)
branch  3 taken 20% (fallthrough)
branch  4 taken 80%
        1:   49:        return Command::Addedge;
        4:   50:    } else if (lowerCommand == "removeedge") {
call    0 returned 100%
branch  1 taken 100% (fallthrough)
branch  2 taken 0% (throw)
branch  3 taken 25% (fallthrough)
branch  4 taken 75%
        1:   51:        return Command::Removeedge;
        3:   52:    } else if (lowerCommand == "exit") {
call    0 returned 100%
branch  1 taken 100% (fallthrough)
branch  2 taken 0% (throw)
branch  3 taken 33% (fallthrough)
branch  4 taken 67%
        1:   53:        return Command::Exit;
        -:   54:    }
        2:   55:    return Command::Invalid;
        8:   56:}
call    0 returned 100%
call    1 never executed
        -:   57:
function _Z12setup_serverv called 1 returned 100% blocks executed 38%
        1:   58:int setup_server() {
        1:   59:    int server_fd = socket(AF_INET, SOCK_STREAM, 0);
call    0 returned 100%
        1:   60:    if (server_fd == -1) {
branch  0 taken 0% (fallthrough)
branch  1 taken 100%
    #####:   61:        std::cerr << "Failed to create socket" << std::endl;
call    0 never executed
branch  1 never executed (fallthrough)
branch  2 never executed (throw)
call    3 never executed
branch  4 never executed (fallthrough)
branch  5 never executed (throw)
    #####:   62:        exit(EXIT_FAILURE);
call    0 never executed
        -:   63:    }
        -:   64:
        -:   65:    // Set the SO_REUSEADDR option to reuse the port
        1:   66:    int opt = 1;
        1:   67:    if (setsockopt(server_fd, SOL_SOCKET, SO_REUSEADDR, &opt, sizeof(opt)) < 0) {
call    0 returned 100%
branch  1 taken 0% (fallthrough)
branch  2 taken 100%
    #####:   68:        std::cerr << "setsockopt(SO_REUSEADDR) failed" << std::endl;
call    0 never executed
branch  1 never executed (fallthrough)
branch  2 never executed (throw)
call    3 never executed
branch  4 never executed (fallthrough)
branch  5 never executed (throw)
    #####:   69:        exit(EXIT_FAILURE);
call    0 never executed
        -:   70:    }
        -:   71:
        -:   72:    sockaddr_in address;
        1:   73:    address.sin_family = AF_INET;
        1:   74:    address.sin_addr.s_addr = INADDR_ANY;
        1:   75:    address.sin_port = htons(PORT);
        -:   76:
        1:   77:    if (bind(server_fd, (struct sockaddr*)&address, sizeof(address)) < 0) {
call    0 returned 100%
branch  1 taken 0% (fallthrough)
branch  2 taken 100%
    #####:   78:        std::cerr << "Bind failed: " << strerror(errno) << std::endl;
call    0 never executed
branch  1 never executed (fallthrough)
branch  2 never executed (throw)
call    3 never executed
call    4 never executed
branch  5 never executed (fallthrough)
branch  6 never executed (throw)
call    7 never executed
branch  8 never executed (fallthrough)
branch  9 never executed (throw)
    #####:   79:        close(server_fd);  // Ensure we close the socket on failure
call    0 never executed
branch  1 never executed (fallthrough)
branch  2 never executed (throw)
    #####:   80:        exit(EXIT_FAILURE);
call    0 never executed
        -:   81:    }
        -:   82:
        1:   83:    if (listen(server_fd, 3) < 0) {
call    0 returned 100%
branch  1 taken 0% (fallthrough)
branch  2 taken 100%
    #####:   84:        std::cerr << "Listen failed: " << strerror(errno) << std::endl;
call    0 never executed
branch  1 never executed (fallthrough)
branch  2 never executed (throw)
call    3 never executed
call    4 never executed
branch  5 never executed (fallthrough)
branch  6 never executed (throw)
call    7 never executed
branch  8 never executed (fallthrough)
branch  9 never executed (throw)
    #####:   85:        close(server_fd);
call    0 never executed
branch  1 never executed (fallthrough)
branch  2 never executed (throw)
    #####:   86:        exit(EXIT_FAILURE);
call    0 never executed
        -:   87:    }
        1:   88:    return server_fd;
        -:   89:}
        -:   90:
function _Z13handle_clienti called 1 returned 100% blocks executed 46%
        1:   91:void handle_client(int client_fd) {
        1:   92:     CommandExecute commandExecutor;
call    0 returned 100%
branch  1 taken 100% (fallthrough)
branch  2 taken 0% (throw)
        -:   93:    char buffer[1024];
        -:   94:    while (true) {
        8:   95:        memset(buffer, 0, sizeof(buffer)); // Clear the buffer
        8:   96:        ssize_t bytes_read = read(client_fd, buffer, sizeof(buffer) - 1);
call    0 returned 100%
branch  1 taken 100% (fallthrough)
branch  2 taken 0% (throw)
        8:   97:        if (bytes_read <= 0) {
branch  0 taken 0% (fallthrough)
branch  1 taken 100%
    #####:   98:            if (bytes_read == 0) {
branch  0 never executed (fallthrough)
branch  1 never executed
    #####:   99:                std::cout << "Client " << client_fd << " disconnected." << std::endl;
call    0 never executed
branch  1 never executed (fallthrough)
branch  2 never executed (throw)
call    3 never executed
branch  4 never executed (fallthrough)
branch  5 never executed (throw)
call    6 never executed
branch  7 never executed (fallthrough)
branch  8 never executed (throw)
call    9 never executed
branch 10 never executed (fallthrough)
branch 11 never executed (throw)
        -:  100:            } else {
    #####:  101:                std::cerr << "Error reading from client " << client_fd << ": " << strerror(errno) << std::endl;
call    0 never executed
branch  1 never executed (fallthrough)
branch  2 never executed (throw)
call    3 never executed
branch  4 never executed (fallthrough)
branch  5 never executed (throw)
call    6 never executed
branch  7 never executed (fallthrough)
branch  8 never executed (throw)
call    9 never executed
call   10 never executed
branch 11 never executed (fallthrough)
branch 12 never executed (throw)
call   13 never executed
branch 14 never executed (fallthrough)
branch 15 never executed (throw)
        -:  102:            }
    #####:  103:            break; // Exit the loop if client disconnects or an error occurs
        -:  104:        }
        8:  105:        Command command=getCommandFromString(buffer);
call    0 returned 100%
branch  1 taken 100% (fallthrough)
branch  2 taken 0% (throw)
call    3 returned 100%
branch  4 taken 100% (fallthrough)
branch  5 taken 0% (throw)
call    6 returned 100%
call    7 never executed
        8:  106:        commandExecutor.processCommand(client_fd,command);
call    0 returned 100%
branch  1 taken 100% (fallthrough)
branch  2 taken 0% (throw)
        8:  107:        if(command==Command::Exit){
branch  0 taken 12% (fallthrough)
branch  1 taken 88%
        1:  108:          break;
        -:  109:        }
        7:  110:    }
        1:  111:    close(client_fd); // Close the client socket
call    0 returned 100%
branch  1 taken 100% (fallthrough)
branch  2 taken 0% (throw)
        1:  112:}
call    0 returned 100%
call    1 never executed
        -:  113:
function main called 1 returned 100% blocks executed 76%
        1:  114:int main() {
        1:  115:    int server_fd = setup_server();
call    0 returned 100%
branch  1 taken 100% (fallthrough)
branch  2 taken 0% (throw)
        1:  116:    std::vector<std::thread> client_threads;
call    0 returned 100%
        -:  117:    // Server thread to handle input for shutdown
function _ZZ4mainENKUlvE_clEv called 1 returned 100% blocks executed 73%
        1:  118:    std::thread shutdown_thread([&]() {
        1:  119:        std::string input;
call    0 returned 100%
        -:  120:        while (true) {
        1:  121:            std::cin >> input;
call    0 returned 100%
branch  1 taken 100% (fallthrough)
branch  2 taken 0% (throw)
        1:  122:            if (input == "shutdown") {
call    0 returned 100%
branch  1 taken 100% (fallthrough)
branch  2 taken 0% (throw)
branch  3 taken 100% (fallthrough)
branch  4 taken 0%
        1:  123:                std::lock_guard<std::mutex> lock(shutdown_mutex); // Lock while setting the flag
call    0 returned 100%
branch  1 taken 100% (fallthrough)
branch  2 taken 0% (throw)
        1:  124:                shutdown_flag.store(true);  // Set shutdown flag
call    0 returned 100%
        1:  125:                break;
        1:  126:            }
call    0 returned 100%
    #####:  127:        }
        2:  128:    });
call    0 returned 100%
branch  1 taken 100% (fallthrough)
branch  2 taken 0% (throw)
call    3 returned 100%
call    4 never executed
        -:  129:
        -:  130:    while (true) {
        -:  131:        // Poll for incoming connections and check for shutdown
        -:  132:        struct pollfd fds[1];
       31:  133:        fds[0].fd = server_fd;
       31:  134:        fds[0].events = POLLIN; // We're interested in input events (new connections)
        -:  135:
       31:  136:        int poll_result = poll(fds, 1, 1000); // 1-second timeout for polling
call    0 returned 100%
branch  1 taken 100% (fallthrough)
branch  2 taken 0% (throw)
        -:  137:
        -:  138:        {
       31:  139:            std::lock_guard<std::mutex> lock(shutdown_mutex); // Lock to check shutdown flag
call    0 returned 100%
branch  1 taken 100% (fallthrough)
branch  2 taken 0% (throw)
       31:  140:            if (shutdown_flag.load()) {
call    0 returned 100%
branch  1 taken 3% (fallthrough)
branch  2 taken 97%
        1:  141:                break; // Exit if shutdown flag is set
        -:  142:            }
       31:  143:        }
call    0 returned 100%
branch  1 taken 97% (fallthrough)
branch  2 taken 3%
        -:  144:
       30:  145:        if (poll_result == -1) {
branch  0 taken 0%
branch  1 taken 100%
    #####:  146:            std::cerr << "Poll error: " << strerror(errno) << std::endl;
call    0 never executed
branch  1 never executed (fallthrough)
branch  2 never executed (throw)
call    3 never executed
call    4 never executed
branch  5 never executed (fallthrough)
branch  6 never executed (throw)
call    7 never executed
branch  8 never executed (fallthrough)
branch  9 never executed (throw)
    #####:  147:            break;
       30:  148:        } else if (poll_result == 0) {
branch  0 taken 97% (fallthrough)
branch  1 taken 3%
       29:  149:            continue; // Timeout, no new connection
        -:  150:        }
        -:  151:
        1:  152:        if (fds[0].revents & POLLIN) {
branch  0 taken 100% (fallthrough)
branch  1 taken 0%
        -:  153:            // Accept and manage multiple clients
        1:  154:            int client_fd = setup_client_connection(server_fd);
call    0 returned 100%
branch  1 taken 100% (fallthrough)
branch  2 taken 0% (throw)
        -:  155:
        1:  156:            if (client_fd >= 0) {
branch  0 taken 100% (fallthrough)
branch  1 taken 0%
        1:  157:            client_threads.emplace_back(handle_client, client_fd); // Store the thread                client_thread.detach(); // Detach the thread to allow it to run independently
call    0 returned 100%
branch  1 taken 100% (fallthrough)
branch  2 taken 0% (throw)
        -:  158:         
        -:  159:            }
        -:  160:        }
       30:  161:    }
        1:  162:    Pipeline& pipe = Pipeline::getInstance();
call    0 returned 100%
branch  1 taken 100% (fallthrough)
branch  2 taken 0% (throw)
        1:  163:    pipe.cleanup();
call    0 returned 100%
branch  1 taken 100% (fallthrough)
branch  2 taken 0% (throw)
        -:  164:    // Close server socket and stop accepting new clients
        1:  165:    close(server_fd);
call    0 returned 100%
branch  1 taken 100% (fallthrough)
branch  2 taken 0% (throw)
        -:  166:
        -:  167:    // After all clients are processed, join the threads before exiting
        2:  168:    for (auto& t : client_threads) {
call    0 returned 100%
call    1 returned 100%
call    2 returned 100%
call    3 returned 100%
call    4 returned 100%
branch  5 taken 50%
branch  6 taken 50% (fallthrough)
        1:  169:    if (t.joinable()) {
call    0 returned 100%
branch  1 taken 100% (fallthrough)
branch  2 taken 0%
        1:  170:        t.join(); // Wait for each thread to finish
call    0 returned 100%
branch  1 taken 100% (fallthrough)
branch  2 taken 0% (throw)
        -:  171:      }
        -:  172:    }
        -:  173:    // Wait for shutdown thread to finish
        1:  174:    if (shutdown_thread.joinable()) {
call    0 returned 100%
branch  1 taken 100% (fallthrough)
branch  2 taken 0%
        1:  175:        shutdown_thread.join();
call    0 returned 100%
branch  1 taken 100% (fallthrough)
branch  2 taken 0% (throw)
        -:  176:    }
        -:  177:
        1:  178:    return 0;
        1:  179:}
call    0 returned 100%
call    1 returned 100%
call    2 never executed
call    3 never executed
