        -:    0:Source:MSTInfo.cpp
        -:    1:#include "MSTInfo.hpp"
        -:    2:
function _ZN7MSTInfo20calculateTotalWeightERKSt6vectorIS0_ISt4pairIiiESaIS2_EESaIS4_EEi called 2 returned 100% blocks executed 87%
        2:    3:double MSTInfo::calculateTotalWeight(const std::vector<std::vector<std::pair<int, int>>> &adj, int V)
        -:    4:{
        2:    5: int totalWeight = 0;
        2:    6:    std::vector<std::vector<std::pair<int, int>>> mstAdjList(V);
call    0 returned 100%
branch  1 taken 100% (fallthrough)
branch  2 taken 0% (throw)
        -:    7:    // Iterate through each vertex and its adjacent vertices
        8:    8:    for (int u = 0; u < V; ++u) 
branch  0 taken 75%
branch  1 taken 25% (fallthrough)
        -:    9:    {
       14:   10:        for (const auto& edge : adj[u]) 
call    0 returned 100%
call    1 returned 100%
call    2 returned 100%
call    3 returned 100%
call    4 returned 100%
call    5 returned 100%
branch  6 taken 57%
branch  7 taken 43% (fallthrough)
        -:   11:        {
        8:   12:            int v = edge.first;  // Adjacent vertex
        8:   13:            int weight = edge.second;  // Weight of the edge
        -:   14:            // Ensure the edge is not counted twice by checking if v > u (only process each edge once)
        8:   15:            if (v > u) {
branch  0 taken 50% (fallthrough)
branch  1 taken 50%
        4:   16:                totalWeight += weight;
        -:   17:        }
        -:   18:      }
        -:   19:    }
        2:   20:    return totalWeight;  // Return the total weight of the MST}
        2:   21:}
call    0 returned 100%
        -:   22:
function _ZN7MSTInfo25calculateShortestDistanceERKSt6vectorIS0_ISt4pairIiiESaIS2_EESaIS4_EEi called 2 returned 100% blocks executed 100%
        2:   23:double MSTInfo::calculateShortestDistance(const std::vector<std::vector<std::pair<int, int>>> &adj, int V)
        -:   24:    {
        2:   25:    int shortestDist = INT_MAX;
        8:   26:    for (int u = 0; u < V; ++u) {
branch  0 taken 75%
branch  1 taken 25% (fallthrough)
       14:   27:        for (const auto& [neighbor, weight] : adj[u]) {
call    0 returned 100%
call    1 returned 100%
call    2 returned 100%
call    3 returned 100%
call    4 returned 100%
call    5 returned 100%
call    6 returned 100%
call    7 returned 100%
branch  8 taken 57%
branch  9 taken 43% (fallthrough)
        8:   28:            if (weight < shortestDist && u != neighbor) {
branch  0 taken 25% (fallthrough)
branch  1 taken 75%
branch  2 taken 100% (fallthrough)
branch  3 taken 0%
        2:   29:                shortestDist = weight;
        -:   30:            }
        -:   31:        }
        -:   32:    }
        -:   33:
        2:   34:    return shortestDist;
        -:   35:    }
function _ZN7MSTInfo19findLongestDistanceERKSt6vectorIS0_ISt4pairIiiESaIS2_EESaIS4_EEi called 2 returned 100% blocks executed 71%
        2:   36:int MSTInfo::findLongestDistance(const std::vector<std::vector<std::pair<int, int>>> &adj, int V)
        -:   37:    {
        2:   38:       std::vector<bool> visited(V, false);
call    0 returned 100%
branch  1 taken 100% (fallthrough)
branch  2 taken 0% (throw)
call    3 returned 100%
        -:   39:
        -:   40:    // Perform the first DFS from an arbitrary node (let's pick node 0)
        2:   41:    auto [farthestNode, firstMaxDist] = dfs(0, adj, visited);
call    0 returned 100%
branch  1 taken 100% (fallthrough)
branch  2 taken 0% (throw)
call    3 returned 100%
call    4 returned 100%
        -:   42:
        -:   43:    // Reset visited array for the second DFS
        2:   44:    std::fill(visited.begin(), visited.end(), false);
call    0 returned 100%
call    1 returned 100%
call    2 returned 100%
branch  3 taken 100% (fallthrough)
branch  4 taken 0% (throw)
        -:   45:
        -:   46:    // Perform the second DFS from the farthest node found in the first DFS
        2:   47:    auto [ignored, maxDistance] = dfs(farthestNode, adj, visited);
call    0 returned 100%
branch  1 taken 100% (fallthrough)
branch  2 taken 0% (throw)
call    3 returned 100%
call    4 returned 100%
        -:   48:
        -:   49:    // The maximum distance found is the diameter of the MST
        2:   50:    return maxDistance;
        2:   51:}
call    0 returned 100%
call    1 never executed
        -:   52:
function _ZN7MSTInfo24calculateAverageDistanceEdi called 2 returned 100% blocks executed 75%
        2:   53:double MSTInfo::calculateAverageDistance(double totalweight, int V)
        -:   54:{
        2:   55:    if(V>0){
branch  0 taken 100% (fallthrough)
branch  1 taken 0%
        2:   56:        return totalweight/V;
        -:   57:    }
    #####:   58:    else return -1;
        -:   59:}
        -:   60:
        -:   61:// Utility function to perform DFS and return the farthest distance from the given node
function _ZN7MSTInfo3dfsEiRKSt6vectorIS0_ISt4pairIiiESaIS2_EESaIS4_EERS0_IbSaIbEE called 4 returned 100% blocks executed 78%
        4:   62:std::pair<int, int> MSTInfo::dfs(int node, const std::vector<std::vector<std::pair<int, int>>> &adj, std::vector<bool> &visited)
        -:   63:{
        4:   64:    std::stack<std::pair<int, int>> stack; // {node, distance}
call    0 returned 100%
branch  1 taken 100% (fallthrough)
branch  2 taken 0% (throw)
        4:   65:    stack.push({node, 0});
call    0 returned 100%
call    1 returned 100%
branch  2 taken 100% (fallthrough)
branch  3 taken 0% (throw)
        4:   66:    visited[node] = true;
call    0 returned 100%
branch  1 taken 100% (fallthrough)
branch  2 taken 0% (throw)
call    3 returned 100%
        4:   67:    int farthestNode = node;
        4:   68:    int maxDistance = 0;
        -:   69:
       16:   70:    while (!stack.empty()) {
call    0 returned 100%
branch  1 taken 75%
branch  2 taken 25% (fallthrough)
       12:   71:        auto [currentNode, currentDist] = stack.top();
call    0 returned 100%
call    1 returned 100%
call    2 returned 100%
       12:   72:        stack.pop();
call    0 returned 100%
        -:   73:
       12:   74:        if (currentDist > maxDistance) {
branch  0 taken 67% (fallthrough)
branch  1 taken 33%
        8:   75:            maxDistance = currentDist;
        8:   76:            farthestNode = currentNode;
        -:   77:        }
        -:   78:
       28:   79:        for (const auto& [neighbor, weight] : adj[currentNode]) {
call    0 returned 100%
call    1 returned 100%
call    2 returned 100%
call    3 returned 100%
call    4 returned 100%
call    5 returned 100%
call    6 returned 100%
call    7 returned 100%
branch  8 taken 57%
branch  9 taken 43% (fallthrough)
       16:   80:            if (!visited[neighbor]) {
call    0 returned 100%
branch  1 taken 100% (fallthrough)
branch  2 taken 0% (throw)
call    3 returned 100%
branch  4 taken 50% (fallthrough)
branch  5 taken 50%
        8:   81:                visited[neighbor] = true;
call    0 returned 100%
branch  1 taken 100% (fallthrough)
branch  2 taken 0% (throw)
call    3 returned 100%
        8:   82:                stack.push({neighbor, currentDist + weight});
call    0 returned 100%
call    1 returned 100%
branch  2 taken 100% (fallthrough)
branch  3 taken 0% (throw)
        -:   83:            }
        -:   84:        }
        -:   85:    }
        8:   86:    return {farthestNode, maxDistance};
call    0 returned 100%
        4:   87:}
call    0 returned 100%
call    1 never executed
